<?xml version="1.0" encoding="UTF-8"?>
<!-- Generated by org.testng.reporters.JUnitReportReporter -->
<testsuite hostname="DESKTOP-B1UU0SL" failures="0" tests="4" name="com.testngannotation.PriorityTest" time="0.003" errors="0" timestamp="2022-01-29T07:32:40 EST" skipped="1">
  <testcase classname="com.testngannotation.PriorityTest" name="searchAirpods" time="0.001"/>
  <system-out/>
  <testcase classname="com.testngannotation.PriorityTest" name="searchLaptop" time="0.000"/>
  <system-out/>
  <testcase classname="com.testngannotation.PriorityTest" name="searchTv" time="0.002"/>
  <system-out/>
  <testcase classname="com.testngannotation.PriorityTest" name="searchMobile">
    <skipped/>
  </testcase> <!-- searchMobile -->
  <system-out/>
</testsuite> <!-- com.testngannotation.PriorityTest -->
