<?xml version="1.0" encoding="UTF-8"?>
<!-- Generated by org.testng.reporters.JUnitReportReporter -->
<testsuite hostname="DESKTOP-B1UU0SL" failures="0" tests="8" name="com.testngannotation.InvocationCount" time="0.022" errors="0" timestamp="2022-01-29T07:32:40 EST" skipped="0">
  <testcase classname="com.testngannotation.InvocationCount" name="searchLaptop" time="0.004"/>
  <system-out/>
  <testcase classname="com.testngannotation.InvocationCount" name="searchLaptop" time="0.007"/>
  <system-out/>
  <testcase classname="com.testngannotation.InvocationCount" name="searchTv" time="0.002"/>
  <system-out/>
  <testcase classname="com.testngannotation.InvocationCount" name="searchTv" time="0.002"/>
  <system-out/>
  <testcase classname="com.testngannotation.InvocationCount" name="searchTv" time="0.002"/>
  <system-out/>
  <testcase classname="com.testngannotation.InvocationCount" name="searchMobile" time="0.001"/>
  <system-out/>
  <testcase classname="com.testngannotation.InvocationCount" name="searchTv" time="0.002"/>
  <system-out/>
  <testcase classname="com.testngannotation.InvocationCount" name="searchTv" time="0.002"/>
  <system-out/>
</testsuite> <!-- com.testngannotation.InvocationCount -->
