<?xml version="1.0" encoding="UTF-8"?>
<!-- Generated by org.testng.reporters.JUnitReportReporter -->
<testsuite hostname="DESKTOP-B1UU0SL" failures="0" tests="3" name="com.testngannotation.IgnoreTest" time="0.015" errors="0" timestamp="2022-01-29T07:32:40 EST" skipped="1">
  <testcase classname="com.testngannotation.IgnoreTest" name="searchMobile" time="0.004"/>
  <system-out/>
  <testcase classname="com.testngannotation.IgnoreTest" name="searchAirpods" time="0.011"/>
  <system-out/>
  <testcase classname="com.testngannotation.IgnoreTest" name="searchTv">
    <skipped/>
  </testcase> <!-- searchTv -->
  <system-out/>
</testsuite> <!-- com.testngannotation.IgnoreTest -->
