<?xml version="1.0" encoding="UTF-8"?>
<!-- Generated by org.testng.reporters.JUnitReportReporter -->
<testsuite hostname="DESKTOP-B1UU0SL" failures="0" tests="1" name="pageobjectmodel.LoginPage" time="5.021" errors="0" timestamp="2022-02-22T12:10:09 EST" skipped="0">
  <testcase classname="pageobjectmodel.LoginPage" name="loginTestCase" time="5.021"/>
  <system-out/>
</testsuite> <!-- pageobjectmodel.LoginPage -->
