<?xml version="1.0" encoding="UTF-8"?>
<!-- Generated by org.testng.reporters.JUnitReportReporter -->
<testsuite hostname="DESKTOP-B1UU0SL" failures="0" tests="1" name="com.testngannotation.LoginPage" time="6.043" errors="0" timestamp="2022-02-23T06:53:11 EST" skipped="0">
  <testcase classname="com.testngannotation.LoginPage" name="loginTestCase" time="6.043"/>
  <system-out/>
</testsuite> <!-- com.testngannotation.LoginPage -->
