<?xml version="1.0" encoding="UTF-8"?>
<!-- Generated by org.testng.reporters.JUnitReportReporter -->
<testsuite hostname="DESKTOP-B1UU0SL" failures="0" tests="3" name="com.testngannotation.Dependencies" time="0.011" errors="0" timestamp="2022-01-29T07:32:40 EST" skipped="0">
  <testcase classname="com.testngannotation.Dependencies" name="higherSecondary" time="0.005"/>
  <system-out/>
  <testcase classname="com.testngannotation.Dependencies" name="highSchool" time="0.001"/>
  <system-out/>
  <testcase classname="com.testngannotation.Dependencies" name="engineering" time="0.005"/>
  <system-out/>
</testsuite> <!-- com.testngannotation.Dependencies -->
