<?xml version="1.0" encoding="UTF-8"?>
<!-- Generated by org.testng.reporters.JUnitReportReporter -->
<testsuite hostname="DESKTOP-B1UU0SL" failures="0" tests="2" name="com.testngannotation.SimpleAnnotation" time="0.016" errors="0" timestamp="2022-01-29T07:32:40 EST" skipped="0">
  <testcase classname="com.testngannotation.SimpleAnnotation" name="searchMobile" time="0.004"/>
  <system-out/>
  <testcase classname="com.testngannotation.SimpleAnnotation" name="searchLaptop" time="0.012"/>
  <system-out/>
</testsuite> <!-- com.testngannotation.SimpleAnnotation -->
